<?xml version="1.0" encoding="UTF-8"?>
<testsuite name="io.proximax.sdk.model.mosaic.MosaicPropertyIdTest" tests="3" skipped="0" failures="0" errors="0" timestamp="2022-01-19T12:20:15" hostname="LAPTOP-A5KJ7JLN" time="0.004">
  <properties/>
  <testcase name="checkGetByCode()" classname="io.proximax.sdk.model.mosaic.MosaicPropertyIdTest" time="0.001"/>
  <testcase name="testBadCode()" classname="io.proximax.sdk.model.mosaic.MosaicPropertyIdTest" time="0.002"/>
  <testcase name="checkCode()" classname="io.proximax.sdk.model.mosaic.MosaicPropertyIdTest" time="0.001"/>
  <system-out><![CDATA[]]></system-out>
  <system-err><![CDATA[]]></system-err>
</testsuite>
