<?xml version="1.0" encoding="UTF-8"?>
<testsuite name="io.proximax.sdk.model.transaction.RemoveMosaicLevyTransactionTest" tests="1" skipped="0" failures="0" errors="0" timestamp="2022-01-19T12:20:15" hostname="LAPTOP-A5KJ7JLN" time="0.004">
  <properties/>
  <testcase name="createARemoveMosaicLevyTransactionViaConstructor()" classname="io.proximax.sdk.model.transaction.RemoveMosaicLevyTransactionTest" time="0.004"/>
  <system-out><![CDATA[]]></system-out>
  <system-err><![CDATA[]]></system-err>
</testsuite>
